\BOOKMARK [0][-]{chapter*.1}{\376\377\000L\000E\000M\000B\000A\000R\000\040\000P\000E\000R\000S\000E\000T\000U\000J\000U\000A\000N\000\040\000H\000A\000S\000I\000L\000\040\000S\000I\000D\000A\000N\000G\000\040\000S\000K\000R\000I\000P\000S\000I}{}% 1
\BOOKMARK [0][-]{chapter*.2}{\376\377\000L\000E\000M\000B\000A\000R\000\040\000P\000E\000R\000N\000Y\000A\000T\000A\000A\000N}{}% 2
\BOOKMARK [0][-]{chapter*.3}{\376\377\000H\000A\000L\000A\000M\000A\000N\000\040\000P\000E\000R\000S\000E\000M\000B\000A\000H\000A\000N}{}% 3
\BOOKMARK [0][-]{chapter*.4}{\376\377\000K\000A\000T\000A\000\040\000P\000E\000N\000G\000A\000N\000T\000A\000R}{}% 4
\BOOKMARK [0][-]{chapter*.5}{\376\377\000A\000B\000S\000T\000R\000A\000K}{}% 5
\BOOKMARK [0][-]{chapter*.6}{\376\377\000A\000B\000S\000T\000R\000A\000C\000T}{}% 6
\BOOKMARK [0][-]{chapter*.7}{\376\377\000D\000A\000F\000T\000A\000R\000\040\000I\000S\000I}{}% 7
\BOOKMARK [0][-]{chapter*.8}{\376\377\000D\000A\000F\000T\000A\000R\000\040\000T\000A\000B\000E\000L}{}% 8
\BOOKMARK [0][-]{chapter*.9}{\376\377\000D\000A\000F\000T\000A\000R\000\040\000G\000A\000M\000B\000A\000R}{}% 9
\BOOKMARK [0][-]{chapter*.9}{\376\377\000D\000A\000F\000T\000A\000R\000\040\000L\000A\000M\000P\000I\000R\000A\000N}{}% 10
\BOOKMARK [0][-]{chapter.1}{\376\377\000P\000E\000N\000D\000A\000H\000U\000L\000U\000A\000N}{}% 11
\BOOKMARK [1][-]{section.1.1}{\376\377\000L\000a\000t\000a\000r\000\040\000B\000e\000l\000a\000k\000a\000n\000g\000\040\000M\000a\000s\000a\000l\000a\000h}{chapter.1}% 12
\BOOKMARK [1][-]{section.1.2}{\376\377\000R\000u\000m\000u\000s\000a\000n\000\040\000M\000a\000s\000a\000l\000a\000h}{chapter.1}% 13
\BOOKMARK [1][-]{section.1.3}{\376\377\000B\000a\000t\000a\000s\000a\000n\000\040\000M\000a\000s\000a\000l\000a\000h}{chapter.1}% 14
\BOOKMARK [1][-]{section.1.4}{\376\377\000T\000u\000j\000u\000a\000n\000\040\000P\000e\000n\000e\000l\000i\000t\000i\000a\000n}{chapter.1}% 15
\BOOKMARK [1][-]{section.1.5}{\376\377\000M\000a\000n\000f\000a\000a\000t\000\040\000P\000e\000n\000e\000l\000i\000t\000i\000a\000n}{chapter.1}% 16
\BOOKMARK [0][-]{chapter.2}{\376\377\000K\000A\000J\000I\000A\000N\000\040\000P\000U\000S\000T\000A\000K\000A}{}% 17
\BOOKMARK [1][-]{section.2.1}{\376\377\000P\000e\000n\000g\000e\000r\000t\000i\000a\000n\000\040\000C\000i\000t\000r\000a\000\040\000D\000i\000g\000i\000t\000a\000l}{chapter.2}% 18
\BOOKMARK [1][-]{section.2.2}{\376\377\000P\000e\000n\000g\000o\000l\000a\000h\000a\000n\000\040\000C\000i\000t\000r\000a\000\040\000D\000i\000g\000i\000t\000a\000l}{chapter.2}% 19
\BOOKMARK [1][-]{section.2.3}{\376\377\000P\000e\000n\000g\000e\000r\000t\000i\000a\000n\000\040\000C\000i\000t\000r\000a\000\040\000B\000e\000r\000g\000e\000r\000a\000k\000\040\000\050\000V\000i\000d\000e\000o\000\051}{chapter.2}% 20
\BOOKMARK [1][-]{section.2.4}{\376\377\000D\000e\000t\000e\000k\000s\000i\000\040\000O\000b\000j\000e\000k\000\040\000B\000e\000r\000g\000e\000r\000a\000k}{chapter.2}% 21
\BOOKMARK [1][-]{section.2.5}{\376\377\000B\000a\000c\000k\000g\000r\000o\000u\000n\000d\000\040\000S\000u\000b\000t\000r\000a\000c\000t\000i\000o\000n}{chapter.2}% 22
\BOOKMARK [1][-]{section.2.6}{\376\377\000B\000a\000c\000k\000g\000r\000o\000u\000n\000d\000\040\000S\000u\000b\000t\000r\000a\000c\000t\000i\000o\000n\000\040\000M\000e\000n\000g\000g\000u\000n\000a\000k\000a\000n\000\040\000G\000a\000u\000s\000s\000i\000a\000n\000\040\000M\000i\000x\000t\000u\000r\000e\000\040\000M\000o\000d\000e\000l\000s}{chapter.2}% 23
\BOOKMARK [2][-]{subsection.2.6.1}{\376\377\000G\000a\000u\000s\000s\000i\000a\000n\000\040\000M\000i\000x\000t\000u\000r\000e\000\040\000M\000o\000d\000e\000l\000s}{section.2.6}% 24
\BOOKMARK [2][-]{subsection.2.6.2}{\376\377\000M\000o\000d\000e\000l\000i\000n\000g\000\040\000P\000r\000o\000c\000e\000s\000s}{section.2.6}% 25
\BOOKMARK [2][-]{subsection.2.6.3}{\376\377\000B\000a\000c\000k\000g\000r\000o\000u\000n\000d\000\040\000M\000o\000d\000e\000l\000\040\000E\000s\000t\000i\000m\000a\000t\000i\000o\000n}{section.2.6}% 26
\BOOKMARK [1][-]{section.2.7}{\376\377\000O\000p\000e\000r\000a\000s\000i\000\040\000M\000o\000r\000f\000o\000l\000o\000g\000i}{chapter.2}% 27
\BOOKMARK [1][-]{section.2.8}{\376\377\000J\000e\000n\000i\000s\000\040\000-\000\040\000J\000e\000n\000i\000s\000\040\000O\000p\000e\000r\000a\000s\000i\000\040\000M\000o\000r\000f\000o\000l\000o\000g\000i}{chapter.2}% 28
\BOOKMARK [2][-]{subsection.2.8.1}{\376\377\000E\000r\000o\000s\000i}{section.2.8}% 29
\BOOKMARK [2][-]{subsection.2.8.2}{\376\377\000D\000i\000l\000a\000s\000i}{section.2.8}% 30
\BOOKMARK [2][-]{subsection.2.8.3}{\376\377\000O\000p\000e\000n\000i\000n\000g}{section.2.8}% 31
\BOOKMARK [2][-]{subsection.2.8.4}{\376\377\000C\000l\000o\000s\000i\000n\000g}{section.2.8}% 32
\BOOKMARK [1][-]{section.2.9}{\376\377\000D\000o\000w\000n\000s\000a\000m\000p\000l\000i\000n\000g}{chapter.2}% 33
\BOOKMARK [1][-]{section.2.10}{\376\377\000C\000o\000n\000t\000o\000u\000r\000\040\000T\000r\000a\000c\000i\000n\000g}{chapter.2}% 34
\BOOKMARK [1][-]{section.2.11}{\376\377\000P\000e\000l\000a\000c\000a\000k\000a\000n\000\040\000O\000b\000j\000e\000k}{chapter.2}% 35
\BOOKMARK [1][-]{section.2.12}{\376\377\000K\000a\000l\000m\000a\000n\000\040\000F\000i\000l\000t\000e\000r}{chapter.2}% 36
\BOOKMARK [2][-]{subsection.2.12.1}{\376\377\000D\000e\000f\000i\000n\000i\000s\000i}{section.2.12}% 37
\BOOKMARK [2][-]{subsection.2.12.2}{\376\377\000A\000l\000g\000o\000r\000i\000t\000m\000e\000\040\000K\000a\000l\000m\000a\000n\000\040\000F\000i\000l\000t\000e\000r}{section.2.12}% 38
\BOOKMARK [1][-]{section.2.13}{\376\377\000D\000e\000c\000i\000s\000i\000o\000n\000\040\000o\000f\000\040\000O\000c\000c\000l\000u\000s\000i\000o\000n}{chapter.2}% 39
\BOOKMARK [1][-]{section.2.14}{\376\377\000A\000s\000o\000s\000i\000a\000s\000i\000\040\000D\000a\000t\000a}{chapter.2}% 40
\BOOKMARK [0][-]{chapter.3}{\376\377\000M\000E\000T\000O\000D\000E\000\040\000P\000E\000N\000E\000L\000I\000T\000I\000A\000N}{}% 41
\BOOKMARK [1][-]{section.3.1}{\376\377\000D\000e\000s\000k\000r\000i\000p\000s\000i\000\040\000S\000i\000s\000t\000e\000m}{chapter.3}% 42
\BOOKMARK [1][-]{section.3.2}{\376\377\000P\000e\000r\000a\000n\000c\000a\000n\000g\000a\000n\000\040\000S\000i\000s\000t\000e\000m}{chapter.3}% 43
\BOOKMARK [2][-]{subsection.3.2.1}{\376\377\000P\000r\000o\000s\000e\000s\000\040\000I\000n\000p\000u\000t\000\040\000V\000i\000d\000e\000o}{section.3.2}% 44
\BOOKMARK [2][-]{subsection.3.2.2}{\376\377\000K\000e\000l\000u\000a\000r\000a\000n}{section.3.2}% 45
\BOOKMARK [2][-]{subsection.3.2.3}{\376\377\000D\000e\000t\000e\000k\000s\000i\000\040\000O\000b\000j\000e\000k\000\040\000d\000e\000n\000g\000a\000n\000\040\000G\000M\000M}{section.3.2}% 46
\BOOKMARK [2][-]{subsection.3.2.4}{\376\377\000P\000r\000o\000s\000e\000s\000\040\000M\000e\000n\000g\000h\000i\000l\000a\000n\000g\000k\000a\000n\000\040\000N\000o\000i\000s\000e\000\040\000M\000e\000l\000a\000l\000u\000i\000\040\000O\000p\000e\000r\000a\000s\000i\000\040\000M\000o\000r\000f\000o\000l\000o\000g\000i}{section.3.2}% 47
\BOOKMARK [2][-]{subsection.3.2.5}{\376\377\000D\000o\000w\000n\000s\000a\000m\000p\000l\000i\000n\000g\000\040\000d\000a\000n\000\040\000C\000o\000n\000t\000o\000u\000r\000\040\000T\000r\000a\000c\000i\000n\000g}{section.3.2}% 48
\BOOKMARK [2][-]{subsection.3.2.6}{\376\377\000D\000e\000c\000i\000s\000i\000o\000n\000\040\000o\000f\000\040\000O\000c\000c\000l\000u\000s\000i\000o\000n\000,\000\040\000A\000s\000o\000s\000i\000a\000s\000i\000\040\000D\000a\000t\000a\000,\000\040\000d\000a\000n\000\040\000K\000a\000l\000m\000a\000n\000\040\000F\000i\000l\000t\000e\000r\000\040}{section.3.2}% 49
\BOOKMARK [1][-]{section.3.3}{\376\377\000P\000e\000r\000a\000n\000c\000a\000n\000g\000a\000n\000\040\000E\000k\000s\000p\000e\000r\000i\000m\000e\000n}{chapter.3}% 50
\BOOKMARK [2][-]{subsection.3.3.1}{\376\377\000S\000u\000m\000b\000e\000r\000\040\000D\000a\000t\000a}{section.3.3}% 51
\BOOKMARK [2][-]{subsection.3.3.2}{\376\377\000E\000v\000a\000l\000u\000a\000s\000i\000\040\000H\000a\000s\000i\000l}{section.3.3}% 52
\BOOKMARK [2][-]{subsection.3.3.3}{\376\377\000P\000a\000r\000a\000m\000e\000t\000e\000r\000\040\000S\000i\000s\000t\000e\000m}{section.3.3}% 53
\BOOKMARK [0][-]{chapter.4}{\376\377\000H\000A\000S\000I\000L\000\040\000D\000A\000N\000\040\000P\000E\000M\000B\000A\000H\000A\000S\000A\000N}{}% 54
\BOOKMARK [1][-]{section.4.1}{\376\377\000I\000n\000p\000u\000t\000\040\000V\000i\000d\000e\000o}{chapter.4}% 55
\BOOKMARK [1][-]{section.4.2}{\376\377\000G\000M\000M}{chapter.4}% 56
\BOOKMARK [1][-]{section.4.3}{\376\377\000O\000p\000e\000r\000a\000s\000i\000\040\000M\000o\000r\000f\000o\000l\000o\000g\000i}{chapter.4}% 57
\BOOKMARK [1][-]{section.4.4}{\376\377\000C\000o\000n\000t\000o\000u\000r\000\040\000T\000r\000a\000c\000i\000n\000g\000\040\000d\000a\000n\000\040\000D\000o\000w\000n\000s\000a\000m\000p\000l\000i\000n\000g}{chapter.4}% 58
\BOOKMARK [1][-]{section.4.5}{\376\377\000K\000a\000l\000m\000a\000n\000\040\000F\000i\000l\000t\000e\000r}{chapter.4}% 59
\BOOKMARK [0][-]{chapter.5}{\376\377\000P\000E\000N\000U\000T\000U\000P}{}% 60
\BOOKMARK [1][-]{section.5.1}{\376\377\000K\000e\000s\000i\000m\000p\000u\000l\000a\000n}{chapter.5}% 61
\BOOKMARK [1][-]{section.5.2}{\376\377\000S\000a\000r\000a\000n}{chapter.5}% 62
\BOOKMARK [0][-]{chapter*.48}{\376\377\000D\000A\000F\000T\000A\000R\000\040\000P\000U\000S\000T\000A\000K\000A}{}% 63
\BOOKMARK [0][-]{chapter*.48}{\376\377\000L\000A\000M\000P\000I\000R\000A\000N}{}% 64
\BOOKMARK [0][-]{section*.50}{\376\377\000D\000A\000F\000T\000A\000R\000\040\000R\000I\000W\000A\000Y\000A\000T\000\040\000H\000I\000D\000U\000P}{}% 65
